c:\users\goshan\source\repos\sea_battle_sfml\x86\release static\vc141.pdb
c:\users\goshan\source\repos\sea_battle_sfml\x86\release static\shipfieldconstructor.obj
c:\users\goshan\source\repos\sea_battle_sfml\x86\release static\scalable.obj
c:\users\goshan\source\repos\sea_battle_sfml\x86\release static\rotatable.obj
c:\users\goshan\source\repos\sea_battle_sfml\x86\release static\random.obj
c:\users\goshan\source\repos\sea_battle_sfml\x86\release static\positionable.obj
c:\users\goshan\source\repos\sea_battle_sfml\x86\release static\originable.obj
c:\users\goshan\source\repos\sea_battle_sfml\x86\release static\main.obj
c:\users\goshan\source\repos\sea_battle_sfml\x86\release static\gamevsbot.obj
c:\users\goshan\source\repos\sea_battle_sfml\x86\release static\gamestyles.obj
c:\users\goshan\source\repos\sea_battle_sfml\x86\release static\gameresources.obj
c:\users\goshan\source\repos\sea_battle_sfml\x86\release static\func.obj
c:\users\goshan\source\repos\sea_battle_sfml\x86\release static\drawshipfriend.obj
c:\users\goshan\source\repos\sea_battle_sfml\x86\release static\drawshipfield.obj
c:\users\goshan\source\repos\sea_battle_sfml\x86\release static\drawfield.obj
c:\users\goshan\source\repos\sea_battle_sfml\x86\release static\drawshipenemy.obj
c:\users\goshan\source\repos\sea_battle_sfml\x86\release static\drawshipconstructor.obj
c:\users\goshan\source\repos\sea_battle_sfml\x86\release static\drawship.obj
c:\users\goshan\source\repos\sea_battle_sfml\x86\release static\botrandom.obj
c:\users\goshan\source\repos\sea_battle_sfml\x86\release static\baseship.obj
c:\users\goshan\source\repos\sea_battle_sfml\x86\release static\animation.obj
c:\users\goshan\source\repos\sea_battle_sfml\x86\release static\transformable.obj
c:\users\goshan\source\repos\sea_battle_sfml\x86\release static\tinyxml2.obj
c:\users\goshan\source\repos\sea_battle_sfml\x86\release static\textbutton.obj
c:\users\goshan\source\repos\sea_battle_sfml\x86\release static\drawshipfieldfriend.obj
c:\users\goshan\source\repos\sea_battle_sfml\x86\release static\drawshipfieldenemy.obj
c:\users\goshan\source\repos\sea_battle_sfml\x86\release static\botbase.obj
c:\users\goshan\source\repos\sea_battle_sfml\x86\release static\scaletextbutton.obj
c:\users\goshan\source\repos\sea_battle_sfml\x86\release static\basebutton.obj
c:\users\goshan\source\repos\sea_battle_sfml\x86\release static\sea_battle_sfml.exe
c:\users\goshan\source\repos\sea_battle_sfml\x86\release static\sea_battle_sfml.pdb
c:\users\goshan\source\repos\sea_battle_sfml\x86\release static\sea_battle_sfml.ipdb
c:\users\goshan\source\repos\sea_battle_sfml\x86\release static\sea_battle_sfml.iobj
c:\users\goshan\source\repos\sea_battle_sfml\x86\release static\sea_battle_sfml.tlog\cl.command.1.tlog
c:\users\goshan\source\repos\sea_battle_sfml\x86\release static\sea_battle_sfml.tlog\cl.read.1.tlog
c:\users\goshan\source\repos\sea_battle_sfml\x86\release static\sea_battle_sfml.tlog\cl.write.1.tlog
c:\users\goshan\source\repos\sea_battle_sfml\x86\release static\sea_battle_sfml.tlog\link.command.1.tlog
c:\users\goshan\source\repos\sea_battle_sfml\x86\release static\sea_battle_sfml.tlog\link.read.1.tlog
c:\users\goshan\source\repos\sea_battle_sfml\x86\release static\sea_battle_sfml.tlog\link.write.1.tlog
c:\users\goshan\source\repos\sea_battle_sfml\x86\release static\sea_battle_sfml.tlog\sea_battle_sfml.write.1u.tlog
