c:\users\goshan\source\repos\sea_battle_sfml\x86\debug dynamic\vc141.pdb
c:\users\goshan\source\repos\sea_battle_sfml\x86\debug dynamic\vc141.idb
c:\users\goshan\source\repos\sea_battle_sfml\x86\debug dynamic\gamestyles.nativecodeanalysis.sarif
c:\users\goshan\source\repos\sea_battle_sfml\x86\debug dynamic\gamestyles.nativecodeanalysis.xml
c:\users\goshan\source\repos\sea_battle_sfml\x86\debug dynamic\gameresources.nativecodeanalysis.sarif
c:\users\goshan\source\repos\sea_battle_sfml\x86\debug dynamic\gameresources.nativecodeanalysis.xml
c:\users\goshan\source\repos\sea_battle_sfml\x86\debug dynamic\gamerecorder.nativecodeanalysis.sarif
c:\users\goshan\source\repos\sea_battle_sfml\x86\debug dynamic\gamerecorder.nativecodeanalysis.xml
c:\users\goshan\source\repos\sea_battle_sfml\x86\debug dynamic\gamerecord.nativecodeanalysis.sarif
c:\users\goshan\source\repos\sea_battle_sfml\x86\debug dynamic\gamerecord.nativecodeanalysis.xml
c:\users\goshan\source\repos\sea_battle_sfml\x86\debug dynamic\func.nativecodeanalysis.sarif
c:\users\goshan\source\repos\sea_battle_sfml\x86\debug dynamic\func.nativecodeanalysis.xml
c:\users\goshan\source\repos\sea_battle_sfml\x86\debug dynamic\drawshipfriend.nativecodeanalysis.sarif
c:\users\goshan\source\repos\sea_battle_sfml\x86\debug dynamic\drawshipfriend.nativecodeanalysis.xml
c:\users\goshan\source\repos\sea_battle_sfml\x86\debug dynamic\drawshipfieldfriend.nativecodeanalysis.sarif
c:\users\goshan\source\repos\sea_battle_sfml\x86\debug dynamic\drawshipfieldfriend.nativecodeanalysis.xml
c:\users\goshan\source\repos\sea_battle_sfml\x86\debug dynamic\drawshipfieldenemy.nativecodeanalysis.sarif
c:\users\goshan\source\repos\sea_battle_sfml\x86\debug dynamic\drawshipfieldenemy.nativecodeanalysis.xml
c:\users\goshan\source\repos\sea_battle_sfml\x86\debug dynamic\drawshipfield.nativecodeanalysis.sarif
c:\users\goshan\source\repos\sea_battle_sfml\x86\debug dynamic\drawshipfield.nativecodeanalysis.xml
c:\users\goshan\source\repos\sea_battle_sfml\x86\debug dynamic\drawfield.nativecodeanalysis.sarif
c:\users\goshan\source\repos\sea_battle_sfml\x86\debug dynamic\drawfield.nativecodeanalysis.xml
c:\users\goshan\source\repos\sea_battle_sfml\x86\debug dynamic\drawshipenemy.nativecodeanalysis.sarif
c:\users\goshan\source\repos\sea_battle_sfml\x86\debug dynamic\drawshipenemy.nativecodeanalysis.xml
c:\users\goshan\source\repos\sea_battle_sfml\x86\debug dynamic\drawshipconstructor.nativecodeanalysis.sarif
c:\users\goshan\source\repos\sea_battle_sfml\x86\debug dynamic\drawshipconstructor.nativecodeanalysis.xml
c:\users\goshan\source\repos\sea_battle_sfml\x86\debug dynamic\drawship.nativecodeanalysis.sarif
c:\users\goshan\source\repos\sea_battle_sfml\x86\debug dynamic\drawship.nativecodeanalysis.xml
c:\users\goshan\source\repos\sea_battle_sfml\x86\debug dynamic\botrandom.nativecodeanalysis.sarif
c:\users\goshan\source\repos\sea_battle_sfml\x86\debug dynamic\botrandom.nativecodeanalysis.xml
c:\users\goshan\source\repos\sea_battle_sfml\x86\debug dynamic\botbase.nativecodeanalysis.sarif
c:\users\goshan\source\repos\sea_battle_sfml\x86\debug dynamic\botbase.nativecodeanalysis.xml
c:\users\goshan\source\repos\sea_battle_sfml\x86\debug dynamic\baseship.nativecodeanalysis.sarif
c:\users\goshan\source\repos\sea_battle_sfml\x86\debug dynamic\baseship.nativecodeanalysis.xml
c:\users\goshan\source\repos\sea_battle_sfml\x86\debug dynamic\basebutton.nativecodeanalysis.sarif
c:\users\goshan\source\repos\sea_battle_sfml\x86\debug dynamic\basebutton.nativecodeanalysis.xml
c:\users\goshan\source\repos\sea_battle_sfml\x86\debug dynamic\background.nativecodeanalysis.sarif
c:\users\goshan\source\repos\sea_battle_sfml\x86\debug dynamic\background.nativecodeanalysis.xml
c:\users\goshan\source\repos\sea_battle_sfml\x86\debug dynamic\app.nativecodeanalysis.sarif
c:\users\goshan\source\repos\sea_battle_sfml\x86\debug dynamic\app.nativecodeanalysis.xml
c:\users\goshan\source\repos\sea_battle_sfml\x86\debug dynamic\animation.nativecodeanalysis.sarif
c:\users\goshan\source\repos\sea_battle_sfml\x86\debug dynamic\animation.nativecodeanalysis.xml
c:\users\goshan\source\repos\sea_battle_sfml\x86\debug dynamic\animation.obj
c:\users\goshan\source\repos\sea_battle_sfml\x86\debug dynamic\app.obj
c:\users\goshan\source\repos\sea_battle_sfml\x86\debug dynamic\background.obj
c:\users\goshan\source\repos\sea_battle_sfml\x86\debug dynamic\basebutton.obj
c:\users\goshan\source\repos\sea_battle_sfml\x86\debug dynamic\baseship.obj
c:\users\goshan\source\repos\sea_battle_sfml\x86\debug dynamic\botbase.obj
c:\users\goshan\source\repos\sea_battle_sfml\x86\debug dynamic\botrandom.obj
c:\users\goshan\source\repos\sea_battle_sfml\x86\debug dynamic\drawship.obj
c:\users\goshan\source\repos\sea_battle_sfml\x86\debug dynamic\drawshipconstructor.obj
c:\users\goshan\source\repos\sea_battle_sfml\x86\debug dynamic\drawshipenemy.obj
c:\users\goshan\source\repos\sea_battle_sfml\x86\debug dynamic\drawfield.obj
c:\users\goshan\source\repos\sea_battle_sfml\x86\debug dynamic\drawshipfield.obj
c:\users\goshan\source\repos\sea_battle_sfml\x86\debug dynamic\drawshipfieldenemy.obj
c:\users\goshan\source\repos\sea_battle_sfml\x86\debug dynamic\drawshipfieldfriend.obj
c:\users\goshan\source\repos\sea_battle_sfml\x86\debug dynamic\drawshipfriend.obj
c:\users\goshan\source\repos\sea_battle_sfml\x86\debug dynamic\func.obj
c:\users\goshan\source\repos\sea_battle_sfml\x86\debug dynamic\gamerecord.obj
c:\users\goshan\source\repos\sea_battle_sfml\x86\debug dynamic\gamerecorder.obj
c:\users\goshan\source\repos\sea_battle_sfml\x86\debug dynamic\gameresources.obj
c:\users\goshan\source\repos\sea_battle_sfml\x86\debug dynamic\gamestyles.obj
c:\users\goshan\source\repos\sea_battle_sfml\x86\debug dynamic\transformable.nativecodeanalysis.sarif
c:\users\goshan\source\repos\sea_battle_sfml\x86\debug dynamic\transformable.nativecodeanalysis.xml
c:\users\goshan\source\repos\sea_battle_sfml\x86\debug dynamic\tinyxml2.nativecodeanalysis.sarif
c:\users\goshan\source\repos\sea_battle_sfml\x86\debug dynamic\tinyxml2.nativecodeanalysis.xml
c:\users\goshan\source\repos\sea_battle_sfml\x86\debug dynamic\textbutton.nativecodeanalysis.sarif
c:\users\goshan\source\repos\sea_battle_sfml\x86\debug dynamic\textbutton.nativecodeanalysis.xml
c:\users\goshan\source\repos\sea_battle_sfml\x86\debug dynamic\shipfieldconstructor.nativecodeanalysis.sarif
c:\users\goshan\source\repos\sea_battle_sfml\x86\debug dynamic\shipfieldconstructor.nativecodeanalysis.xml
c:\users\goshan\source\repos\sea_battle_sfml\x86\debug dynamic\scaletextbutton.nativecodeanalysis.sarif
c:\users\goshan\source\repos\sea_battle_sfml\x86\debug dynamic\scaletextbutton.nativecodeanalysis.xml
c:\users\goshan\source\repos\sea_battle_sfml\x86\debug dynamic\scalable.nativecodeanalysis.sarif
c:\users\goshan\source\repos\sea_battle_sfml\x86\debug dynamic\scalable.nativecodeanalysis.xml
c:\users\goshan\source\repos\sea_battle_sfml\x86\debug dynamic\rotatable.nativecodeanalysis.sarif
c:\users\goshan\source\repos\sea_battle_sfml\x86\debug dynamic\rotatable.nativecodeanalysis.xml
c:\users\goshan\source\repos\sea_battle_sfml\x86\debug dynamic\recordviewer.nativecodeanalysis.sarif
c:\users\goshan\source\repos\sea_battle_sfml\x86\debug dynamic\recordviewer.nativecodeanalysis.xml
c:\users\goshan\source\repos\sea_battle_sfml\x86\debug dynamic\random.nativecodeanalysis.sarif
c:\users\goshan\source\repos\sea_battle_sfml\x86\debug dynamic\random.nativecodeanalysis.xml
c:\users\goshan\source\repos\sea_battle_sfml\x86\debug dynamic\positionable.nativecodeanalysis.sarif
c:\users\goshan\source\repos\sea_battle_sfml\x86\debug dynamic\positionable.nativecodeanalysis.xml
c:\users\goshan\source\repos\sea_battle_sfml\x86\debug dynamic\originable.nativecodeanalysis.sarif
c:\users\goshan\source\repos\sea_battle_sfml\x86\debug dynamic\originable.nativecodeanalysis.xml
c:\users\goshan\source\repos\sea_battle_sfml\x86\debug dynamic\main.nativecodeanalysis.sarif
c:\users\goshan\source\repos\sea_battle_sfml\x86\debug dynamic\main.nativecodeanalysis.xml
c:\users\goshan\source\repos\sea_battle_sfml\x86\debug dynamic\gamevsbot.nativecodeanalysis.sarif
c:\users\goshan\source\repos\sea_battle_sfml\x86\debug dynamic\gamevsbot.nativecodeanalysis.xml
c:\users\goshan\source\repos\sea_battle_sfml\x86\debug dynamic\gamevsbot.obj
c:\users\goshan\source\repos\sea_battle_sfml\x86\debug dynamic\main.obj
c:\users\goshan\source\repos\sea_battle_sfml\x86\debug dynamic\originable.obj
c:\users\goshan\source\repos\sea_battle_sfml\x86\debug dynamic\positionable.obj
c:\users\goshan\source\repos\sea_battle_sfml\x86\debug dynamic\random.obj
c:\users\goshan\source\repos\sea_battle_sfml\x86\debug dynamic\recordviewer.obj
c:\users\goshan\source\repos\sea_battle_sfml\x86\debug dynamic\sea_battle_sfml.tlog\cl.command.1.tlog
c:\users\goshan\source\repos\sea_battle_sfml\x86\debug dynamic\sea_battle_sfml.tlog\cl.read.1.tlog
c:\users\goshan\source\repos\sea_battle_sfml\x86\debug dynamic\sea_battle_sfml.tlog\cl.write.1.tlog
