          1 file(s) copied.
          1 file(s) copied.
          1 file(s) copied.
          1 file(s) copied.
          1 file(s) copied.
          1 file(s) copied.
  A subdirectory or file C:\Users\goshan\source\repos\sea_battle_sfml\x86\Debug Dynamic\resources already exists.
  C:\Users\goshan\source\repos\sea_battle_sfml\resources\ball.wav
  C:\Users\goshan\source\repos\sea_battle_sfml\resources\sansation.ttf
          2 file(s) copied.
  Animation.cpp
  App.cpp
c:\users\goshan\source\repos\sea_battle_sfml\drawshipfield.h(9): warning C4067: unexpected tokens following preprocessor directive - expected a newline
c:\users\goshan\source\repos\sea_battle_sfml\app.cpp(36): warning C4244: 'argument': conversion from 'T' to 'float', possible loss of data
          with
          [
              T=unsigned int
          ]
  Background.cpp
c:\users\goshan\source\repos\sea_battle_sfml\background.cpp(77): warning C4244: 'argument': conversion from 'T' to 'const float', possible loss of data
          with
          [
              T=int
          ]
  BaseButton.cpp
c:\users\goshan\source\repos\sea_battle_sfml\basebutton.cpp(29): warning C4244: 'argument': conversion from 'T' to 'T', possible loss of data
          with
          [
              T=int
          ]
          and
          [
              T=float
          ]
  BaseShip.cpp
c:\users\goshan\source\repos\sea_battle_sfml\baseship.cpp(49): warning C4018: '<': signed/unsigned mismatch
c:\users\goshan\source\repos\sea_battle_sfml\baseship.cpp(116): warning C4018: '<': signed/unsigned mismatch
  BotBase.cpp
c:\users\goshan\source\repos\sea_battle_sfml\drawshipfield.h(9): warning C4067: unexpected tokens following preprocessor directive - expected a newline
  BotRandom.cpp
c:\users\goshan\source\repos\sea_battle_sfml\drawshipfield.h(9): warning C4067: unexpected tokens following preprocessor directive - expected a newline
c:\users\goshan\source\repos\sea_battle_sfml\botrandom.cpp(247): warning C4018: '<': signed/unsigned mismatch
  DrawShip.cpp
c:\users\goshan\source\repos\sea_battle_sfml\drawship.cpp(87): warning C4244: 'argument': conversion from 'int' to 'float', possible loss of data
c:\users\goshan\source\repos\sea_battle_sfml\drawship.cpp(93): warning C4244: 'argument': conversion from 'int' to 'float', possible loss of data
c:\users\goshan\source\repos\sea_battle_sfml\drawship.cpp(104): warning C4244: 'argument': conversion from 'int' to 'float', possible loss of data
  DrawShipConstructor.cpp
  DrawShipEnemy.cpp
c:\users\goshan\source\repos\sea_battle_sfml\drawshipenemy.cpp(54): warning C4018: '<': signed/unsigned mismatch
c:\users\goshan\source\repos\sea_battle_sfml\drawshipenemy.cpp(57): warning C4244: 'argument': conversion from 'T' to 'float', possible loss of data
          with
          [
              T=unsigned int
          ]
c:\users\goshan\source\repos\sea_battle_sfml\drawshipenemy.cpp(62): warning C4018: '<': signed/unsigned mismatch
c:\users\goshan\source\repos\sea_battle_sfml\drawshipenemy.cpp(65): warning C4244: 'argument': conversion from 'T' to 'float', possible loss of data
          with
          [
              T=unsigned int
          ]
c:\users\goshan\source\repos\sea_battle_sfml\drawshipenemy.cpp(75): warning C4018: '<': signed/unsigned mismatch
c:\users\goshan\source\repos\sea_battle_sfml\drawshipenemy.cpp(78): warning C4244: 'argument': conversion from 'T' to 'float', possible loss of data
          with
          [
              T=unsigned int
          ]
c:\users\goshan\source\repos\sea_battle_sfml\drawshipenemy.cpp(83): warning C4018: '<': signed/unsigned mismatch
c:\users\goshan\source\repos\sea_battle_sfml\drawshipenemy.cpp(86): warning C4244: 'argument': conversion from 'T' to 'float', possible loss of data
          with
          [
              T=unsigned int
          ]
c:\users\goshan\source\repos\sea_battle_sfml\drawshipenemy.cpp(130): warning C4018: '<': signed/unsigned mismatch
c:\users\goshan\source\repos\sea_battle_sfml\drawshipenemy.cpp(133): warning C4244: 'argument': conversion from 'T' to 'float', possible loss of data
          with
          [
              T=unsigned int
          ]
c:\users\goshan\source\repos\sea_battle_sfml\drawshipenemy.cpp(138): warning C4018: '<': signed/unsigned mismatch
c:\users\goshan\source\repos\sea_battle_sfml\drawshipenemy.cpp(141): warning C4244: 'argument': conversion from 'T' to 'float', possible loss of data
          with
          [
              T=unsigned int
          ]
c:\users\goshan\source\repos\sea_battle_sfml\drawshipenemy.cpp(155): warning C4244: 'argument': conversion from 'T' to 'T', possible loss of data
          with
          [
              T=unsigned int
          ]
          and
          [
              T=float
          ]
c:\users\goshan\source\repos\sea_battle_sfml\drawshipenemy.cpp(159): warning C4244: 'argument': conversion from 'T' to 'T', possible loss of data
          with
          [
              T=unsigned int
          ]
          and
          [
              T=float
          ]
c:\users\goshan\source\repos\sea_battle_sfml\drawshipenemy.cpp(171): warning C4244: 'argument': conversion from 'T' to 'T', possible loss of data
          with
          [
              T=unsigned int
          ]
          and
          [
              T=float
          ]
c:\users\goshan\source\repos\sea_battle_sfml\drawshipenemy.cpp(175): warning C4244: 'argument': conversion from 'T' to 'T', possible loss of data
          with
          [
              T=unsigned int
          ]
          and
          [
              T=float
          ]
c:\users\goshan\source\repos\sea_battle_sfml\drawshipenemy.cpp(197): warning C4018: '<': signed/unsigned mismatch
c:\users\goshan\source\repos\sea_battle_sfml\drawshipenemy.cpp(200): warning C4244: 'argument': conversion from 'T' to 'float', possible loss of data
          with
          [
              T=unsigned int
          ]
c:\users\goshan\source\repos\sea_battle_sfml\drawshipenemy.cpp(205): warning C4018: '<': signed/unsigned mismatch
c:\users\goshan\source\repos\sea_battle_sfml\drawshipenemy.cpp(208): warning C4244: 'argument': conversion from 'T' to 'float', possible loss of data
          with
          [
              T=unsigned int
          ]
c:\users\goshan\source\repos\sea_battle_sfml\drawshipenemy.cpp(223): warning C4244: 'argument': conversion from 'int' to 'float', possible loss of data
c:\users\goshan\source\repos\sea_battle_sfml\drawshipenemy.cpp(229): warning C4244: 'argument': conversion from 'int' to 'float', possible loss of data
c:\users\goshan\source\repos\sea_battle_sfml\drawshipenemy.cpp(240): warning C4244: 'argument': conversion from 'int' to 'float', possible loss of data
c:\users\goshan\source\repos\sea_battle_sfml\drawshipenemy.cpp(246): warning C4018: '<': signed/unsigned mismatch
c:\users\goshan\source\repos\sea_battle_sfml\drawshipenemy.cpp(249): warning C4244: 'argument': conversion from 'T' to 'float', possible loss of data
          with
          [
              T=unsigned int
          ]
c:\users\goshan\source\repos\sea_battle_sfml\drawshipenemy.cpp(254): warning C4018: '<': signed/unsigned mismatch
c:\users\goshan\source\repos\sea_battle_sfml\drawshipenemy.cpp(257): warning C4244: 'argument': conversion from 'T' to 'float', possible loss of data
          with
          [
              T=unsigned int
          ]
c:\users\goshan\source\repos\sea_battle_sfml\drawshipenemy.cpp(323): warning C4018: '<': signed/unsigned mismatch
c:\users\goshan\source\repos\sea_battle_sfml\drawshipenemy.cpp(377): warning C4018: '<': signed/unsigned mismatch
  DrawField.cpp
c:\users\goshan\source\repos\sea_battle_sfml\drawfield.cpp(31): warning C4018: '<': signed/unsigned mismatch
c:\users\goshan\source\repos\sea_battle_sfml\drawfield.cpp(43): warning C4018: '<': signed/unsigned mismatch
c:\users\goshan\source\repos\sea_battle_sfml\drawfield.cpp(93): warning C4018: '<': signed/unsigned mismatch
c:\users\goshan\source\repos\sea_battle_sfml\drawfield.cpp(98): warning C4018: '<': signed/unsigned mismatch
c:\users\goshan\source\repos\sea_battle_sfml\drawfield.cpp(195): warning C4018: '<': signed/unsigned mismatch
c:\users\goshan\source\repos\sea_battle_sfml\drawfield.cpp(208): warning C4018: '<': signed/unsigned mismatch
c:\users\goshan\source\repos\sea_battle_sfml\drawfield.cpp(227): warning C4018: '<': signed/unsigned mismatch
c:\users\goshan\source\repos\sea_battle_sfml\drawfield.cpp(238): warning C4018: '<': signed/unsigned mismatch
  DrawShipField.cpp
c:\users\goshan\source\repos\sea_battle_sfml\drawshipfield.h(9): warning C4067: unexpected tokens following preprocessor directive - expected a newline
c:\users\goshan\source\repos\sea_battle_sfml\drawshipfield.cpp(151): warning C4018: '<': signed/unsigned mismatch
c:\users\goshan\source\repos\sea_battle_sfml\drawshipfield.cpp(184): warning C4018: '<': signed/unsigned mismatch
  DrawShipFieldEnemy.cpp
c:\users\goshan\source\repos\sea_battle_sfml\drawshipfield.h(9): warning C4067: unexpected tokens following preprocessor directive - expected a newline
  DrawShipFieldFriend.cpp
c:\users\goshan\source\repos\sea_battle_sfml\drawshipfield.h(9): warning C4067: unexpected tokens following preprocessor directive - expected a newline
  DrawShipFriend.cpp
c:\users\goshan\source\repos\sea_battle_sfml\drawshipfriend.cpp(75): warning C4244: 'argument': conversion from 'T' to 'T', possible loss of data
          with
          [
              T=unsigned int
          ]
          and
          [
              T=float
          ]
c:\users\goshan\source\repos\sea_battle_sfml\drawshipfriend.cpp(79): warning C4244: 'argument': conversion from 'T' to 'T', possible loss of data
          with
          [
              T=unsigned int
          ]
          and
          [
              T=float
          ]
c:\users\goshan\source\repos\sea_battle_sfml\drawshipfriend.cpp(91): warning C4244: 'argument': conversion from 'T' to 'T', possible loss of data
          with
          [
              T=unsigned int
          ]
          and
          [
              T=float
          ]
c:\users\goshan\source\repos\sea_battle_sfml\drawshipfriend.cpp(95): warning C4244: 'argument': conversion from 'T' to 'T', possible loss of data
          with
          [
              T=unsigned int
          ]
          and
          [
              T=float
          ]
c:\users\goshan\source\repos\sea_battle_sfml\drawshipfriend.cpp(125): warning C4244: 'argument': conversion from 'int' to 'float', possible loss of data
c:\users\goshan\source\repos\sea_battle_sfml\drawshipfriend.cpp(131): warning C4244: 'argument': conversion from 'int' to 'float', possible loss of data
c:\users\goshan\source\repos\sea_battle_sfml\drawshipfriend.cpp(142): warning C4244: 'argument': conversion from 'int' to 'float', possible loss of data
c:\users\goshan\source\repos\sea_battle_sfml\drawshipfriend.cpp(238): warning C4018: '<': signed/unsigned mismatch
  func.cpp
c:\users\goshan\source\repos\sea_battle_sfml\func.cpp(13): warning C4244: 'argument': conversion from 'const int' to 'float', possible loss of data
  GameRecord.cpp
c:\users\goshan\source\repos\sea_battle_sfml\drawshipfield.h(9): warning C4067: unexpected tokens following preprocessor directive - expected a newline
c:\users\goshan\source\repos\sea_battle_sfml\gamerecord.cpp(81): warning C4018: '<': signed/unsigned mismatch
  GameRecorder.cpp
c:\users\goshan\source\repos\sea_battle_sfml\drawshipfield.h(9): warning C4067: unexpected tokens following preprocessor directive - expected a newline
  GameResources.cpp
  GameStyles.cpp
  Compiling...
