c:\users\goshan\source\repos\sea_battle_sfml\x86\debug static\vc141.pdb
c:\users\goshan\source\repos\sea_battle_sfml\x86\debug static\vc141.idb
c:\users\goshan\source\repos\sea_battle_sfml\x86\debug static\gameresources.obj
c:\users\goshan\source\repos\sea_battle_sfml\x86\debug static\drawshipfield.obj
c:\users\goshan\source\repos\sea_battle_sfml\x86\debug static\main.obj
c:\users\goshan\source\repos\sea_battle_sfml\x86\debug static\recordviewer.obj
c:\users\goshan\source\repos\sea_battle_sfml\x86\debug static\gamevsbot.obj
c:\users\goshan\source\repos\sea_battle_sfml\x86\debug static\gamerecorder.obj
c:\users\goshan\source\repos\sea_battle_sfml\x86\debug static\gamerecord.obj
c:\users\goshan\source\repos\sea_battle_sfml\x86\debug static\drawshipfriend.obj
c:\users\goshan\source\repos\sea_battle_sfml\x86\debug static\drawshipfieldfriend.obj
c:\users\goshan\source\repos\sea_battle_sfml\x86\debug static\drawshipfieldenemy.obj
c:\users\goshan\source\repos\sea_battle_sfml\x86\debug static\botrandom.obj
c:\users\goshan\source\repos\sea_battle_sfml\x86\debug static\botbase.obj
c:\users\goshan\source\repos\sea_battle_sfml\x86\debug static\app.obj
c:\users\goshan\source\repos\sea_battle_sfml\x86\debug static\func.obj
c:\users\goshan\source\repos\sea_battle_sfml\x86\debug static\textbutton.obj
c:\users\goshan\source\repos\sea_battle_sfml\x86\debug static\shipfieldconstructor.obj
c:\users\goshan\source\repos\sea_battle_sfml\x86\debug static\scaletextbutton.obj
c:\users\goshan\source\repos\sea_battle_sfml\x86\debug static\basebutton.obj
c:\users\goshan\source\repos\sea_battle_sfml\x86\debug static\gamestyles.obj
c:\users\goshan\source\repos\sea_battle_sfml\x86\debug static\drawfield.obj
c:\users\goshan\source\repos\sea_battle_sfml\x86\debug static\drawshipenemy.obj
c:\users\goshan\source\repos\sea_battle_sfml\x86\debug static\drawshipconstructor.obj
c:\users\goshan\source\repos\sea_battle_sfml\x86\debug static\drawship.obj
c:\users\goshan\source\repos\sea_battle_sfml\x86\debug static\baseship.obj
c:\users\goshan\source\repos\sea_battle_sfml\x86\debug static\background.obj
c:\users\goshan\source\repos\sea_battle_sfml\x86\debug static\animation.obj
c:\users\goshan\source\repos\sea_battle_sfml\x86\debug static\transformable.obj
c:\users\goshan\source\repos\sea_battle_sfml\x86\debug static\tinyxml2.obj
c:\users\goshan\source\repos\sea_battle_sfml\x86\debug static\scalable.obj
c:\users\goshan\source\repos\sea_battle_sfml\x86\debug static\rotatable.obj
c:\users\goshan\source\repos\sea_battle_sfml\x86\debug static\random.obj
c:\users\goshan\source\repos\sea_battle_sfml\x86\debug static\positionable.obj
c:\users\goshan\source\repos\sea_battle_sfml\x86\debug static\originable.obj
c:\users\goshan\source\repos\sea_battle_sfml\x86\debug static\sea_battle_sfml.exe
c:\users\goshan\source\repos\sea_battle_sfml\x86\debug static\sea_battle_sfml.ilk
c:\users\goshan\source\repos\sea_battle_sfml\x86\debug static\sea_battle_sfml.pdb
c:\users\goshan\source\repos\sea_battle_sfml\x86\debug static\recordviewer.obj.enc
c:\users\goshan\source\repos\sea_battle_sfml\x86\debug static\sea_battle_sfml.tlog\cl.command.1.tlog
c:\users\goshan\source\repos\sea_battle_sfml\x86\debug static\sea_battle_sfml.tlog\cl.read.1.tlog
c:\users\goshan\source\repos\sea_battle_sfml\x86\debug static\sea_battle_sfml.tlog\cl.write.1.tlog
c:\users\goshan\source\repos\sea_battle_sfml\x86\debug static\sea_battle_sfml.tlog\link.command.1.tlog
c:\users\goshan\source\repos\sea_battle_sfml\x86\debug static\sea_battle_sfml.tlog\link.read.1.tlog
c:\users\goshan\source\repos\sea_battle_sfml\x86\debug static\sea_battle_sfml.tlog\link.write.1.tlog
